[22.04.2022 01:45:34] Connectée à 𝕂𝕐𝕆#4552. Lancement du script.
[22.04.2022 01:45:34] 1. Vérification des données générales
[22.04.2022 01:45:34] 2. Vérification des données de catégorie
[22.04.2022 01:45:34] 3. Vérification des données de canal de texte
[22.04.2022 01:45:34] 4. Vérification des données du canal vocal
[22.04.2022 01:45:34] 5. Enregistrement des données de guilde dans un fichier
[22.04.2022 01:45:34] 6. Vérification terminée et données sauvegardées
[22.04.2022 01:45:34] 7. Suppression des salons
[22.04.2022 01:45:34] 8. Nouveau nettoyage de guilde terminé
[22.04.2022 01:45:34] 9. Définition des données générales
[22.04.2022 01:45:36] 10. Créations des catégories
[22.04.2022 01:45:44] 11. Créations des canaux de texte
                    
[22.04.2022 01:46:15] 12. Création salons vocaux
[22.04.2022 01:46:27] 13. Terminé!
[07.12.2024 23:21:01] Connectée à ottariou#0. Lancement du script.
[07.12.2024 23:21:01] 1. Vérification des données générales
[07.12.2024 23:21:01] 2. Vérification des données de catégorie
[07.12.2024 23:21:01] 3. Vérification des données de canal de texte
[07.12.2024 23:21:01] 4. Vérification des données du canal vocal
[07.12.2024 23:21:01] 5. Enregistrement des données de guilde dans un fichier
[07.12.2024 23:21:01] 6. Vérification terminée et données sauvegardées
[07.12.2024 23:21:01] 7. Suppression des salons
[07.12.2024 23:21:01] 8. Nouveau nettoyage de guilde terminé
[07.12.2024 23:21:01] 9. Définition des données générales
[07.12.2024 23:21:15] 10. Créations des catégories
[07.12.2024 23:21:30] 11. Créations des canaux de texte
                    
